[debug] [2025-08-02T11:43:25.094Z] ----------------------------------------------------------------------
[debug] [2025-08-02T11:43:25.096Z] Command:       C:\Program Files\nodejs\node.exe C:\Users\yaswa\AppData\Roaming\npm\node_modules\firebase-tools\lib\bin\firebase.js init
[debug] [2025-08-02T11:43:25.097Z] CLI Version:   14.9.0
[debug] [2025-08-02T11:43:25.097Z] Platform:      win32
[debug] [2025-08-02T11:43:25.097Z] Node Version:  v22.17.0
[debug] [2025-08-02T11:43:25.097Z] Time:          Sat Aug 02 2025 17:13:25 GMT+0530 (India Standard Time)
[debug] [2025-08-02T11:43:25.097Z] ----------------------------------------------------------------------
[debug] 
[debug] [2025-08-02T11:43:25.287Z] > command requires scopes: ["email","openid","https://www.googleapis.com/auth/cloudplatformprojects.readonly","https://www.googleapis.com/auth/firebase","https://www.googleapis.com/auth/cloud-platform"]
[debug] [2025-08-02T11:43:25.288Z] > authorizing via signed-in user (yaswanthaddula@gmail.com)
[info] 
     ######## #### ########  ######## ########     ###     ######  ########
     ##        ##  ##     ## ##       ##     ##  ##   ##  ##       ##
     ######    ##  ########  ######   ########  #########  ######  ######
     ##        ##  ##    ##  ##       ##     ## ##     ##       ## ##
     ##       #### ##     ## ######## ########  ##     ##  ######  ########

You're about to initialize a Firebase project in this directory:

  C:\Users\yaswa\OneDrive\Desktop\Html\MovieMania

Before we get started, keep in mind:

  * You are initializing within an existing Firebase project directory

[info] 
=== Project Setup
[info] 
[info] First, let's associate this project directory with a Firebase project.
[info] You can create multiple project aliases by running firebase use --add, 
[info] but for now we'll just set up a default project.
[info] 
[debug] [2025-08-02T11:43:34.456Z] Using project from CLI flag: movie-ticket-f4cc1
[debug] [2025-08-02T11:43:34.457Z] Checked if tokens are valid: true, expires at: 1754136216810
[debug] [2025-08-02T11:43:34.458Z] Checked if tokens are valid: true, expires at: 1754136216810
[debug] [2025-08-02T11:43:34.460Z] >>> [apiv2][query] GET https://firebase.googleapis.com/v1beta1/projects/movie-ticket-f4cc1 [none]
[debug] [2025-08-02T11:43:35.203Z] <<< [apiv2][status] GET https://firebase.googleapis.com/v1beta1/projects/movie-ticket-f4cc1 200
[debug] [2025-08-02T11:43:35.203Z] <<< [apiv2][body] GET https://firebase.googleapis.com/v1beta1/projects/movie-ticket-f4cc1 {"projectId":"movie-ticket-f4cc1","projectNumber":"435762380379","displayName":"movie ticket","name":"projects/movie-ticket-f4cc1","resources":{"hostingSite":"movie-ticket-f4cc1"},"state":"ACTIVE","etag":"1_0483e927-4d29-4355-9f08-7ffd23b47954"}
[info] i  Using project movie-ticket-f4cc1 (movie ticket) 
[info] 
=== Hosting Setup
[debug] [2025-08-02T11:43:35.214Z] Checked if tokens are valid: true, expires at: 1754136216810
[debug] [2025-08-02T11:43:35.214Z] Checked if tokens are valid: true, expires at: 1754136216810
[debug] [2025-08-02T11:43:35.215Z] >>> [apiv2][query] GET https://firebase.googleapis.com/v1beta1/projects/movie-ticket-f4cc1 [none]
[debug] [2025-08-02T11:43:35.791Z] <<< [apiv2][status] GET https://firebase.googleapis.com/v1beta1/projects/movie-ticket-f4cc1 200
[debug] [2025-08-02T11:43:35.792Z] <<< [apiv2][body] GET https://firebase.googleapis.com/v1beta1/projects/movie-ticket-f4cc1 {"projectId":"movie-ticket-f4cc1","projectNumber":"435762380379","displayName":"movie ticket","name":"projects/movie-ticket-f4cc1","resources":{"hostingSite":"movie-ticket-f4cc1"},"state":"ACTIVE","etag":"1_0483e927-4d29-4355-9f08-7ffd23b47954"}
[info] 
[info] Your public directory is the folder (relative to your project directory) that
[info] will contain Hosting assets to be uploaded with firebase deploy. If you
[info] have a build process for your assets, use your build's output directory.
[info] 
[info] +  Wrote public/404.html 
[debug] [2025-08-02T11:44:09.759Z] >>> [apiv2][query] GET https://www.gstatic.com/firebasejs/releases.json [none]
[debug] [2025-08-02T11:44:09.887Z] <<< [apiv2][status] GET https://www.gstatic.com/firebasejs/releases.json 200
[debug] [2025-08-02T11:44:09.887Z] <<< [apiv2][body] GET https://www.gstatic.com/firebasejs/releases.json {"current":{"version":"12.0.0","browserURL":"https://www.gstatic.com/firebasejs/12.0.0/firebase.js","packageURL":"https://www.gstatic.com/firebasejs/12.0.0/firebase.tgz"},"live":{"version":"12.0","browserURL":"https://www.gstatic.com/firebasejs/live/12.0/firebase.js","packageURL":"https://www.gstatic.com/firebasejs/live/12.0/firebase.tgz"},"components":{"ai":"https://www.gstatic.com/firebasejs/12.0.0/firebase-ai.js","analytics":"https://www.gstatic.com/firebasejs/12.0.0/firebase-analytics.js","app":"https://www.gstatic.com/firebasejs/12.0.0/firebase-app.js","app-check":"https://www.gstatic.com/firebasejs/12.0.0/firebase-app-check.js","auth":"https://www.gstatic.com/firebasejs/12.0.0/firebase-auth.js","auth/cordova":"https://www.gstatic.com/firebasejs/12.0.0/firebase-auth/cordova.js","auth/web-extension":"https://www.gstatic.com/firebasejs/12.0.0/firebase-auth/web-extension.js","functions":"https://www.gstatic.com/firebasejs/12.0.0/firebase-functions.js","firestore":"https://www.gstatic.com/firebasejs/12.0.0/firebase-firestore.js","firestore/lite":"https://www.gstatic.com/firebasejs/12.0.0/firebase-firestore/lite.js","installations":"https://www.gstatic.com/firebasejs/12.0.0/firebase-installations.js","storage":"https://www.gstatic.com/firebasejs/12.0.0/firebase-storage.js","performance":"https://www.gstatic.com/firebasejs/12.0.0/firebase-performance.js","remote-config":"https://www.gstatic.com/firebasejs/12.0.0/firebase-remote-config.js","messaging":"https://www.gstatic.com/firebasejs/12.0.0/firebase-messaging.js","messaging/sw":"https://www.gstatic.com/firebasejs/12.0.0/firebase-messaging/sw.js","database":"https://www.gstatic.com/firebasejs/12.0.0/firebase-database.js","data-connect":"https://www.gstatic.com/firebasejs/12.0.0/firebase-data-connect.js","firestore.memory":"https://www.gstatic.com/firebasejs/12.0.0/firebase-firestore.memory.js"}}
[info] i  Skipping write of public/index.html 
[info] 
[info] i  Didn't detect a .git folder. Assuming C:\Users\yaswa\OneDrive\Desktop\Html\MovieMania is the project root. 
[info] i  Authorizing with GitHub to upload your service account to a GitHub repository's secrets store. 
[info] 
[info] Visit this URL on this device to log in:
[info] https://github.com/login/oauth/authorize?client_id=89cf50f02ac6aaed3484&state=258439600&redirect_uri=http%3A%2F%2Flocalhost%3A9005&scope=read%3Auser%20repo%20public_repo
[info] 
[info] Waiting for authentication...
[debug] [2025-08-02T11:44:43.443Z] >>> [apiv2][query] POST https://github.com/login/oauth/access_token [none]
[debug] [2025-08-02T11:44:43.444Z] >>> [apiv2][body] POST https://github.com/login/oauth/access_token [stream]
[debug] [2025-08-02T11:44:43.966Z] <<< [apiv2][status] POST https://github.com/login/oauth/access_token 200
[debug] [2025-08-02T11:44:43.966Z] <<< [apiv2][body] POST https://github.com/login/oauth/access_token {"access_token":"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","token_type":"bearer","scope":"read:user,repo"}
[debug] [2025-08-02T11:44:43.980Z] >>> [apiv2][query] GET https://api.github.com/user [none]
[debug] [2025-08-02T11:44:44.579Z] <<< [apiv2][status] GET https://api.github.com/user 200
[debug] [2025-08-02T11:44:44.579Z] <<< [apiv2][body] GET https://api.github.com/user {"login":"yaswanthaddula","id":175483196,"node_id":"U_kgDOCnWpPA","avatar_url":"https://avatars.githubusercontent.com/u/175483196?v=4","gravatar_id":"","url":"https://api.github.com/users/yaswanthaddula","html_url":"https://github.com/yaswanthaddula","followers_url":"https://api.github.com/users/yaswanthaddula/followers","following_url":"https://api.github.com/users/yaswanthaddula/following{/other_user}","gists_url":"https://api.github.com/users/yaswanthaddula/gists{/gist_id}","starred_url":"https://api.github.com/users/yaswanthaddula/starred{/owner}{/repo}","subscriptions_url":"https://api.github.com/users/yaswanthaddula/subscriptions","organizations_url":"https://api.github.com/users/yaswanthaddula/orgs","repos_url":"https://api.github.com/users/yaswanthaddula/repos","events_url":"https://api.github.com/users/yaswanthaddula/events{/privacy}","received_events_url":"https://api.github.com/users/yaswanthaddula/received_events","type":"User","user_view_type":"private","site_admin":false,"name":null,"company":null,"blog":"","location":null,"email":null,"hireable":null,"bio":null,"twitter_username":null,"notification_email":null,"public_repos":17,"public_gists":0,"followers":0,"following":0,"created_at":"2024-07-13T11:15:50Z","updated_at":"2025-07-28T15:51:29Z","private_gists":0,"total_private_repos":1,"owned_private_repos":1,"disk_usage":19582,"collaborators":0,"two_factor_authentication":false,"plan":{"name":"free","space":976562499,"collaborators":0,"private_repos":10000}}
[info] 
[info] +  Success! Logged into GitHub as yaswanthaddula 
[info] 
